INFO:werkzeug: * Restarting with stat
WARNING:werkzeug: * Debugger is active!
INFO:werkzeug: * Debugger PIN: 246-488-423
INFO:werkzeug: * Running on http://localhost:8080/ (Press CTRL+C to quit)
INFO:werkzeug:127.0.0.1 - - [23/Jan/2020 22:49:04] "[37mGET / HTTP/1.1[0m" 200 -
INFO:werkzeug:127.0.0.1 - - [23/Jan/2020 22:51:32] "[37mPOST /prueba HTTP/1.1[0m" 200 -
INFO:werkzeug:127.0.0.1 - - [23/Jan/2020 22:53:35] "[37mPOST /prueba HTTP/1.1[0m" 200 -
INFO:werkzeug:127.0.0.1 - - [23/Jan/2020 22:53:51] "[37mPOST /prueba HTTP/1.1[0m" 200 -
INFO:werkzeug:127.0.0.1 - - [23/Jan/2020 22:57:21] "[1m[31mPOST /prueba HTTP/1.1[0m" 400 -
INFO:werkzeug:127.0.0.1 - - [23/Jan/2020 23:00:07] "[1m[31mPOST /prueba HTTP/1.1[0m" 400 -
INFO:werkzeug:127.0.0.1 - - [23/Jan/2020 23:00:26] "[37mPOST /prueba HTTP/1.1[0m" 200 -
INFO:werkzeug: * Detected change in 'c:\\Users\\Cristian\\Dropbox\\Tesis Final\\Tesis\\Implementacion\\simple_app.py', reloading
INFO:werkzeug: * Restarting with stat
WARNING:werkzeug: * Debugger is active!
INFO:werkzeug: * Debugger PIN: 246-488-423
INFO:werkzeug: * Running on http://localhost:8080/ (Press CTRL+C to quit)
INFO:numexpr.utils:NumExpr defaulting to 8 threads.
INFO:werkzeug: * Restarting with stat
WARNING:werkzeug: * Debugger is active!
INFO:werkzeug: * Debugger PIN: 246-488-423
INFO:werkzeug: * Running on http://localhost:8080/ (Press CTRL+C to quit)
INFO:numexpr.utils:NumExpr defaulting to 8 threads.
WARNING:tensorflow:From C:\Users\Cristian\Anaconda3\lib\site-packages\keras\backend\tensorflow_backend.py:74: The name tf.get_default_graph is deprecated. Please use tf.compat.v1.get_default_graph instead.

WARNING:tensorflow:From C:\Users\Cristian\Anaconda3\lib\site-packages\keras\backend\tensorflow_backend.py:517: The name tf.placeholder is deprecated. Please use tf.compat.v1.placeholder instead.

WARNING:tensorflow:From C:\Users\Cristian\Anaconda3\lib\site-packages\keras\backend\tensorflow_backend.py:4138: The name tf.random_uniform is deprecated. Please use tf.random.uniform instead.

WARNING:tensorflow:From C:\Users\Cristian\Anaconda3\lib\site-packages\keras\backend\tensorflow_backend.py:174: The name tf.get_default_session is deprecated. Please use tf.compat.v1.get_default_session instead.

WARNING:tensorflow:From C:\Users\Cristian\Anaconda3\lib\site-packages\keras\backend\tensorflow_backend.py:181: The name tf.ConfigProto is deprecated. Please use tf.compat.v1.ConfigProto instead.

WARNING:tensorflow:From C:\Users\Cristian\Anaconda3\lib\site-packages\keras\backend\tensorflow_backend.py:186: The name tf.Session is deprecated. Please use tf.compat.v1.Session instead.

WARNING:tensorflow:From C:\Users\Cristian\Anaconda3\lib\site-packages\keras\backend\tensorflow_backend.py:190: The name tf.global_variables is deprecated. Please use tf.compat.v1.global_variables instead.

WARNING:tensorflow:From C:\Users\Cristian\Anaconda3\lib\site-packages\keras\backend\tensorflow_backend.py:199: The name tf.is_variable_initialized is deprecated. Please use tf.compat.v1.is_variable_initialized instead.

WARNING:tensorflow:From C:\Users\Cristian\Anaconda3\lib\site-packages\keras\backend\tensorflow_backend.py:206: The name tf.variables_initializer is deprecated. Please use tf.compat.v1.variables_initializer instead.

INFO:werkzeug:127.0.0.1 - - [23/Jan/2020 23:09:05] "[1m[35mGET /carga-modelo HTTP/1.1[0m" 500 -
INFO:werkzeug: * Detected change in 'c:\\Users\\Cristian\\Dropbox\\Tesis Final\\Tesis\\Implementacion\\simple_app.py', reloading
INFO:werkzeug: * Restarting with stat
WARNING:werkzeug: * Debugger is active!
INFO:werkzeug: * Debugger PIN: 246-488-423
INFO:werkzeug: * Running on http://localhost:8080/ (Press CTRL+C to quit)
INFO:numexpr.utils:NumExpr defaulting to 8 threads.
WARNING:tensorflow:From C:\Users\Cristian\Anaconda3\lib\site-packages\keras\backend\tensorflow_backend.py:74: The name tf.get_default_graph is deprecated. Please use tf.compat.v1.get_default_graph instead.

WARNING:tensorflow:From C:\Users\Cristian\Anaconda3\lib\site-packages\keras\backend\tensorflow_backend.py:517: The name tf.placeholder is deprecated. Please use tf.compat.v1.placeholder instead.

WARNING:tensorflow:From C:\Users\Cristian\Anaconda3\lib\site-packages\keras\backend\tensorflow_backend.py:4138: The name tf.random_uniform is deprecated. Please use tf.random.uniform instead.

WARNING:tensorflow:From C:\Users\Cristian\Anaconda3\lib\site-packages\keras\backend\tensorflow_backend.py:174: The name tf.get_default_session is deprecated. Please use tf.compat.v1.get_default_session instead.

WARNING:tensorflow:From C:\Users\Cristian\Anaconda3\lib\site-packages\keras\backend\tensorflow_backend.py:181: The name tf.ConfigProto is deprecated. Please use tf.compat.v1.ConfigProto instead.

WARNING:tensorflow:From C:\Users\Cristian\Anaconda3\lib\site-packages\keras\backend\tensorflow_backend.py:186: The name tf.Session is deprecated. Please use tf.compat.v1.Session instead.

WARNING:tensorflow:From C:\Users\Cristian\Anaconda3\lib\site-packages\keras\backend\tensorflow_backend.py:190: The name tf.global_variables is deprecated. Please use tf.compat.v1.global_variables instead.

WARNING:tensorflow:From C:\Users\Cristian\Anaconda3\lib\site-packages\keras\backend\tensorflow_backend.py:199: The name tf.is_variable_initialized is deprecated. Please use tf.compat.v1.is_variable_initialized instead.

WARNING:tensorflow:From C:\Users\Cristian\Anaconda3\lib\site-packages\keras\backend\tensorflow_backend.py:206: The name tf.variables_initializer is deprecated. Please use tf.compat.v1.variables_initializer instead.

INFO:werkzeug:127.0.0.1 - - [23/Jan/2020 23:16:03] "[1m[35mGET /carga-modelo HTTP/1.1[0m" 500 -
